2021-12-28 20:06:39,236 INFO 89002 [Timer] /Users/heqiang/codes/my-leetcode-helper/node_modules/egg-multipart/app/schedule/clean_tmpdir.js next time will execute after 30200767ms at 2021-12-29 04:30:00.003
2021-12-28 20:06:39,236 INFO 89002 [Timer] /Users/heqiang/codes/my-leetcode-helper/node_modules/egg-logrotator/app/schedule/clean_log.js next time will execute after 14000764ms at 2021-12-29 00:00:00.000
2021-12-28 20:06:39,237 INFO 89002 [Timer] /Users/heqiang/codes/my-leetcode-helper/node_modules/egg-logrotator/app/schedule/rotate_by_file.js next time will execute after 14001764ms at 2021-12-29 00:00:01.001
2021-12-28 20:06:39,024 INFO 89006 [egg-schedule]: register schedule /Users/heqiang/codes/my-leetcode-helper/node_modules/egg-multipart/app/schedule/clean_tmpdir.js
2021-12-28 20:06:39,025 INFO 89006 [egg-schedule]: register schedule /Users/heqiang/codes/my-leetcode-helper/node_modules/egg-logrotator/app/schedule/clean_log.js
2021-12-28 20:06:39,025 INFO 89006 [egg-schedule]: register schedule /Users/heqiang/codes/my-leetcode-helper/node_modules/egg-logrotator/app/schedule/rotate_by_file.js
2021-12-28 20:19:39,752 INFO 92988 [egg-schedule]: register schedule /Users/heqiang/codes/my-leetcode-helper/node_modules/egg-multipart/app/schedule/clean_tmpdir.js
2021-12-28 20:19:39,752 INFO 92988 [egg-schedule]: register schedule /Users/heqiang/codes/my-leetcode-helper/node_modules/egg-logrotator/app/schedule/clean_log.js
2021-12-28 20:19:39,752 INFO 92988 [egg-schedule]: register schedule /Users/heqiang/codes/my-leetcode-helper/node_modules/egg-logrotator/app/schedule/rotate_by_file.js
2021-12-28 20:19:40,107 INFO 92974 [Timer] /Users/heqiang/codes/my-leetcode-helper/node_modules/egg-multipart/app/schedule/clean_tmpdir.js next time will execute after 29419898ms at 2021-12-29 04:30:00.005
2021-12-28 20:19:40,107 INFO 92974 [Timer] /Users/heqiang/codes/my-leetcode-helper/node_modules/egg-logrotator/app/schedule/clean_log.js next time will execute after 13219893ms at 2021-12-29 00:00:00.000
2021-12-28 20:19:40,108 INFO 92974 [Timer] /Users/heqiang/codes/my-leetcode-helper/node_modules/egg-logrotator/app/schedule/rotate_by_file.js next time will execute after 13220893ms at 2021-12-29 00:00:01.001
2021-12-29 17:22:33,596 INFO 61634 [Timer] /Users/heqiang/codes/my-leetcode-helper/node_modules/egg-multipart/app/schedule/clean_tmpdir.js next time will execute after 40046407ms at 2021-12-30 04:30:00.003
2021-12-29 17:22:33,597 INFO 61634 [Timer] /Users/heqiang/codes/my-leetcode-helper/node_modules/egg-logrotator/app/schedule/clean_log.js next time will execute after 23846404ms at 2021-12-30 00:00:00.001
2021-12-29 17:22:33,597 INFO 61634 [Timer] /Users/heqiang/codes/my-leetcode-helper/node_modules/egg-logrotator/app/schedule/rotate_by_file.js next time will execute after 23847403ms at 2021-12-30 00:00:01.000
2021-12-29 17:22:33,376 INFO 61647 [egg-schedule]: register schedule /Users/heqiang/codes/my-leetcode-helper/node_modules/egg-multipart/app/schedule/clean_tmpdir.js
2021-12-29 17:22:33,376 INFO 61647 [egg-schedule]: register schedule /Users/heqiang/codes/my-leetcode-helper/node_modules/egg-logrotator/app/schedule/clean_log.js
2021-12-29 17:22:33,376 INFO 61647 [egg-schedule]: register schedule /Users/heqiang/codes/my-leetcode-helper/node_modules/egg-logrotator/app/schedule/rotate_by_file.js
2021-12-29 21:03:48,263 INFO 82474 [Timer] /Users/heqiang/codes/my-leetcode-helper/node_modules/egg-multipart/app/schedule/clean_tmpdir.js next time will execute after 26771739ms at 2021-12-30 04:30:00.002
2021-12-29 21:03:48,263 INFO 82474 [Timer] /Users/heqiang/codes/my-leetcode-helper/node_modules/egg-logrotator/app/schedule/clean_log.js next time will execute after 10571737ms at 2021-12-30 00:00:00.000
2021-12-29 21:03:48,264 INFO 82474 [Timer] /Users/heqiang/codes/my-leetcode-helper/node_modules/egg-logrotator/app/schedule/rotate_by_file.js next time will execute after 10572737ms at 2021-12-30 00:00:01.001
2021-12-29 21:03:48,076 INFO 82478 [egg-schedule]: register schedule /Users/heqiang/codes/my-leetcode-helper/node_modules/egg-multipart/app/schedule/clean_tmpdir.js
2021-12-29 21:03:48,076 INFO 82478 [egg-schedule]: register schedule /Users/heqiang/codes/my-leetcode-helper/node_modules/egg-logrotator/app/schedule/clean_log.js
2021-12-29 21:03:48,076 INFO 82478 [egg-schedule]: register schedule /Users/heqiang/codes/my-leetcode-helper/node_modules/egg-logrotator/app/schedule/rotate_by_file.js
